<?xml version="1.0" encoding="UTF-8"?>
<!-- Generated by org.testng.reporters.JUnitReportReporter -->
<testsuite hostname="HarishaMV" failures="0" tests="1" name="com.crm.CreateAdmin.AdminAndVerify" time="10.638" errors="0" timestamp="2022-08-11T11:53:43 IST" skipped="0">
  <testcase classname="com.crm.CreateAdmin.AdminAndVerify" name="ToCheckForIndividualRoomRegistrationAsOccupied" time="10.638"/>
  <system-out/>
</testsuite> <!-- com.crm.CreateAdmin.AdminAndVerify -->
