<?xml version="1.0" encoding="UTF-8"?>
<!-- Generated by org.testng.reporters.JUnitReportReporter -->
<testsuite hostname="HarishaMV" failures="0" tests="1" name="com.crm.CreateOwner.CreateOwnerAndVerify" time="25.803" errors="0" timestamp="2022-08-10T17:03:37 IST" skipped="0">
  <testcase classname="com.crm.CreateOwner.CreateOwnerAndVerify" name="VerifyTheOwnerCreatedRoomDetailsinTheRegisterdRoomList" time="25.803"/>
  <system-out/>
</testsuite> <!-- com.crm.CreateOwner.CreateOwnerAndVerify -->
